<?xml version="1.0" encoding="UTF-8"?>
<!-- Generated by org.testng.reporters.JUnitReportReporter -->
<testsuite hostname="mac-MacBookPro" failures="0" tests="1" name="dtaDrvn.BothCorrect" time="4.746" errors="0" timestamp="2023-02-20T15:55:53 IST" skipped="0">
  <testcase classname="dtaDrvn.BothCorrect" name="main" time="4.746"/>
  <system-out/>
</testsuite> <!-- dtaDrvn.BothCorrect -->
