<?xml version="1.0" encoding="UTF-8"?>
<!-- Generated by org.testng.reporters.JUnitReportReporter -->
<testsuite hostname="mac-MacBookPro" failures="0" tests="1" name="dtaDrvn.BothIncorrect" time="3.592" errors="0" timestamp="2023-02-20T15:55:53 IST" skipped="0">
  <testcase classname="dtaDrvn.BothIncorrect" name="main" time="3.592"/>
  <system-out/>
</testsuite> <!-- dtaDrvn.BothIncorrect -->
