<?xml version="1.0" encoding="UTF-8"?>
<!-- Generated by org.testng.reporters.JUnitReportReporter -->
<testsuite hostname="mac-MacBookPro" failures="0" tests="1" name="dtaDrvn.DataProvider" time="14.582" errors="0" timestamp="2023-02-23T17:31:44 IST" skipped="0">
  <testcase classname="dtaDrvn.DataProvider" name="loginData" time="14.582"/>
  <system-out/>
</testsuite> <!-- dtaDrvn.DataProvider -->
